app/build/intermediates/manifest_merge_blame_file/debug/manifest-merger-blame-debug-report.txt
1<?xml version="1.0" encoding="utf-8"?>
2<manifest xmlns:android="http://schemas.android.com/apk/res/android"
3    package="com.hs.weatherforecast"
4    android:versionCode="2"
5    android:versionName="1.0.0" >
6
7    <uses-sdk
8        android:minSdkVersion="21"
8-->src\main\AndroidManifest.xml
9        android:targetSdkVersion="29" />
9-->src\main\AndroidManifest.xml
10
11    <uses-permission android:name="android.permission.INTERNET" />
11-->src\main\AndroidManifest.xml:6:5-67
11-->src\main\AndroidManifest.xml:6:22-64
12    <uses-permission android:name="android.permission.ACCESS_NETWORK_STATE" />
12-->src\main\AndroidManifest.xml:7:5-79
12-->src\main\AndroidManifest.xml:7:22-76
13
14    <application
14-->src\main\AndroidManifest.xml:9:5-30:19
15        android:name="com.hs.weatherforecast.WeatherForecast"
15-->src\main\AndroidManifest.xml:10:9-40
16        android:allowBackup="true"
16-->src\main\AndroidManifest.xml:11:9-35
17        android:appComponentFactory="androidx.core.app.CoreComponentFactory"
17-->[androidx.core:core:1.3.0-alpha02] AndroidManifest.xml:24:18-86
18        android:debuggable="true"
19        android:icon="@drawable/ic_logo"
19-->src\main\AndroidManifest.xml:12:9-41
20        android:label="@string/app_name"
20-->src\main\AndroidManifest.xml:13:9-41
21        android:roundIcon="@drawable/ic_logo"
21-->src\main\AndroidManifest.xml:14:9-46
22        android:supportsRtl="true"
22-->src\main\AndroidManifest.xml:15:9-35
23        android:testOnly="true"
24        android:theme="@style/AppTheme.NoActionBar"
24-->src\main\AndroidManifest.xml:16:9-52
25        android:usesCleartextTraffic="true" >
25-->src\main\AndroidManifest.xml:17:9-44
26        <activity
26-->src\main\AndroidManifest.xml:18:9-29:20
27            android:name="com.hs.weatherforecast.ui.main.MainActivity"
27-->src\main\AndroidManifest.xml:19:13-49
28            android:screenOrientation="portrait"
28-->src\main\AndroidManifest.xml:20:13-49
29            android:windowSoftInputMode="stateHidden" >
29-->src\main\AndroidManifest.xml:21:13-54
30            <intent-filter>
30-->src\main\AndroidManifest.xml:24:13-28:29
31                <action android:name="android.intent.action.MAIN" />
31-->src\main\AndroidManifest.xml:25:17-69
31-->src\main\AndroidManifest.xml:25:25-66
32
33                <category android:name="android.intent.category.LAUNCHER" />
33-->src\main\AndroidManifest.xml:27:17-77
33-->src\main\AndroidManifest.xml:27:27-74
34            </intent-filter>
35        </activity>
36
37        <provider
37-->[com.squareup.picasso:picasso:2.71828] AndroidManifest.xml:8:9-11:40
38            android:name="com.squareup.picasso.PicassoProvider"
38-->[com.squareup.picasso:picasso:2.71828] AndroidManifest.xml:9:13-64
39            android:authorities="com.hs.weatherforecast.com.squareup.picasso"
39-->[com.squareup.picasso:picasso:2.71828] AndroidManifest.xml:10:13-72
40            android:exported="false" />
40-->[com.squareup.picasso:picasso:2.71828] AndroidManifest.xml:11:13-37
41
42        <service
42-->[androidx.room:room-runtime:2.2.3] AndroidManifest.xml:25:9-27:40
43            android:name="androidx.room.MultiInstanceInvalidationService"
43-->[androidx.room:room-runtime:2.2.3] AndroidManifest.xml:26:13-74
44            android:exported="false" />
44-->[androidx.room:room-runtime:2.2.3] AndroidManifest.xml:27:13-37
45
46        <provider
46-->[androidx.lifecycle:lifecycle-process:2.2.0] AndroidManifest.xml:25:9-29:43
47            android:name="androidx.lifecycle.ProcessLifecycleOwnerInitializer"
47-->[androidx.lifecycle:lifecycle-process:2.2.0] AndroidManifest.xml:26:13-79
48            android:authorities="com.hs.weatherforecast.lifecycle-process"
48-->[androidx.lifecycle:lifecycle-process:2.2.0] AndroidManifest.xml:27:13-69
49            android:exported="false"
49-->[androidx.lifecycle:lifecycle-process:2.2.0] AndroidManifest.xml:28:13-37
50            android:multiprocess="true" />
50-->[androidx.lifecycle:lifecycle-process:2.2.0] AndroidManifest.xml:29:13-40
51    </application>
52
53</manifest>